<?xml version="1.0" encoding="UTF-8"?>
<!-- Generated by org.testng.reporters.JUnitReportReporter -->
<testsuite hostname="DESKTOP-FHMK7OU" failures="0" tests="2" name="dataDriven.Example2" time="0.010" errors="0" timestamp="2021-09-01T22:49:54 IST" skipped="0">
  <testcase classname="dataDriven.Example2" name="aSlowTest" time="0.003"/>
  <system-out/>
  <testcase classname="dataDriven.Example2" name="aFastTest" time="0.007"/>
  <system-out/>
</testsuite> <!-- dataDriven.Example2 -->
