<?xml version="1.0" encoding="UTF-8"?>
<!-- Generated by org.testng.reporters.JUnitReportReporter -->
<testsuite hostname="DESKTOP-FHMK7OU" failures="0" tests="1" name="pageObjectModal.Exammple1" time="42.091" errors="0" timestamp="2021-09-01T11:17:54 IST" skipped="0">
  <testcase classname="pageObjectModal.Exammple1" name="testUntitled" time="42.091"/>
  <system-out/>
</testsuite> <!-- pageObjectModal.Exammple1 -->
