<?xml version="1.0" encoding="UTF-8"?>
<!-- Generated by org.testng.reporters.JUnitReportReporter -->
<testsuite hostname="DESKTOP-FHMK7OU" failures="0" tests="1" name="pageObjectModal.LoginApplication" time="10.995" errors="0" timestamp="2021-08-31T11:59:36 GMT-07:00" skipped="0">
  <testcase classname="pageObjectModal.LoginApplication" name="RegistrationTest" time="10.995"/>
  <system-out/>
</testsuite> <!-- pageObjectModal.LoginApplication -->
